2025-04-16 09:40:30,808 - INFO - DataProcessing Intialized
2025-04-16 09:40:33,936 - INFO - Data loaded sucesfully for Data Processing
2025-04-16 09:40:34,571 - INFO - Filtered users sucesfully...
2025-04-16 09:40:37,450 - INFO - Scalind done for Processing 
2025-04-16 09:40:37,806 - INFO - Encoding done for Users and Anime
2025-04-16 09:40:42,374 - INFO - Data splitted sucesfullyy
2025-04-16 09:40:42,602 - INFO - user2user_encoded saved sucesfully in processed directory
2025-04-16 09:40:42,636 - INFO - user2user_decoded saved sucesfully in processed directory
2025-04-16 09:40:42,752 - INFO - anim2anime_encoded saved sucesfully in processed directory
2025-04-16 09:40:42,870 - INFO - anim2anime_decoded saved sucesfully in processed directory
2025-04-16 09:40:58,578 - INFO - ALl the training testing data as well as rating_df is saved now..
2025-04-16 09:41:22,088 - INFO - DF AND SYNOPSIS_Df saved sucesfullyy...
2025-04-16 09:41:22,094 - INFO - Data Processing Pipeline Run sucesfully .... Congrats
2025-04-16 09:51:59,101 - INFO - Model Training & COMET ML initialized..
2025-04-16 09:51:59,683 - INFO - Data loaded sucesfully for Model Trainig
2025-04-16 09:51:59,876 - INFO - Succesfully read the YAML file
2025-04-16 09:51:59,877 - INFO - Loaded configuration from config.yaml
2025-04-16 09:52:00,963 - INFO - Model created sucesfully....
2025-04-16 09:56:11,622 - INFO - Model training Completedd.....
2025-04-16 09:56:11,651 - WARNING - You are saving your model as an HDF5 file via `model.save()` or `keras.saving.save_model(model)`. This file format is considered legacy. We recommend using instead the native Keras format, e.g. `model.save('my_model.keras')` or `keras.saving.save_model(model, 'my_model.keras')`. 
2025-04-16 09:56:11,814 - INFO - Model saved to artifacts/model/model.h5
2025-04-16 09:56:11,818 - INFO - Extracting weights for user_embedding
2025-04-16 09:56:11,832 - INFO - Extracting weights for anime_embedding
2025-04-16 09:56:12,492 - INFO - User and Anime weights saved sucesfully....
2025-04-16 10:35:42,037 - INFO - Model Training & COMET ML initialized..
2025-04-16 10:35:50,340 - INFO - Data loaded sucesfully for Model Trainig
2025-04-16 10:35:50,456 - INFO - Succesfully read the YAML file
2025-04-16 10:35:50,456 - INFO - Loaded configuration from config.yaml
2025-04-16 10:35:52,922 - INFO - Model created sucesfully....
2025-04-16 10:40:36,584 - INFO - Model training Completedd.....
2025-04-16 10:40:37,081 - WARNING - You are saving your model as an HDF5 file via `model.save()` or `keras.saving.save_model(model)`. This file format is considered legacy. We recommend using instead the native Keras format, e.g. `model.save('my_model.keras')` or `keras.saving.save_model(model, 'my_model.keras')`. 
2025-04-16 10:40:41,561 - INFO - Model saved to artifacts/model/model.h5
2025-04-16 10:40:41,797 - INFO - Extracting weights for user_embedding
2025-04-16 10:40:41,814 - INFO - Extracting weights for anime_embedding
2025-04-16 10:40:59,085 - INFO - User and Anime weights saved sucesfully....
2025-04-16 10:54:40,834 - INFO - Model Training & COMET ML initialized..
2025-04-16 10:54:45,926 - INFO - Data loaded sucesfully for Model Trainig
2025-04-16 10:54:46,031 - INFO - Succesfully read the YAML file
2025-04-16 10:54:46,031 - INFO - Loaded configuration from config.yaml
2025-04-16 10:54:47,731 - INFO - Model created sucesfully....
2025-04-16 10:59:26,799 - INFO - Model training Completedd.....
2025-04-16 10:59:26,877 - WARNING - You are saving your model as an HDF5 file via `model.save()` or `keras.saving.save_model(model)`. This file format is considered legacy. We recommend using instead the native Keras format, e.g. `model.save('my_model.keras')` or `keras.saving.save_model(model, 'my_model.keras')`. 
2025-04-16 10:59:27,844 - INFO - Model saved to artifacts/model/model.h5
2025-04-16 10:59:28,010 - INFO - Extracting weights for user_embedding
2025-04-16 10:59:28,027 - INFO - Extracting weights for anime_embedding
2025-04-16 10:59:29,273 - INFO - User and Anime weights saved sucesfully....
