2025-04-15 19:47:24,484 - INFO - Succesfully read the YAML file
2025-04-15 19:47:24,520 - INFO - Data Ingestion Started....
2025-04-15 19:47:24,521 - INFO - Starting Data Ingestion Process....
2025-04-15 19:47:26,313 - ERROR - Error while downloading data from GCP
2025-04-15 19:47:26,314 - ERROR - CustomException : Error in /home/lundo/MLOPS-PROJECT-2/src/data_ingestion.py , line 39 : Failed to download data
2025-04-15 19:47:26,314 - INFO - Data Ingestion DONE...
2025-04-15 19:49:37,008 - INFO - Succesfully read the YAML file
2025-04-15 19:49:37,008 - INFO - Data Ingestion Started....
2025-04-15 19:49:37,008 - INFO - Starting Data Ingestion Process....
2025-04-15 19:49:37,702 - ERROR - Error while downloading data from GCP
2025-04-15 19:49:37,702 - ERROR - CustomException : Error in /home/lundo/MLOPS-PROJECT-2/src/data_ingestion.py , line 39 : Failed to download data
2025-04-15 19:49:37,702 - INFO - Data Ingestion DONE...
2025-04-15 19:51:39,670 - INFO - Succesfully read the YAML file
2025-04-15 19:51:39,671 - INFO - Data Ingestion Started....
2025-04-15 19:51:39,671 - INFO - Starting Data Ingestion Process....
2025-04-15 19:51:40,406 - ERROR - Error while downloading data from GCP
2025-04-15 19:51:40,406 - ERROR - CustomException : Error in /home/lundo/MLOPS-PROJECT-2/src/data_ingestion.py , line 39 : Failed to download data
2025-04-15 19:51:40,407 - INFO - Data Ingestion DONE...
2025-04-15 20:03:19,363 - INFO - Succesfully read the YAML file
2025-04-15 20:03:19,363 - INFO - Data Ingestion Started....
2025-04-15 20:03:19,363 - INFO - Starting Data Ingestion Process....
2025-04-15 20:03:20,167 - ERROR - Error while downloading data from GCP
2025-04-15 20:03:20,167 - ERROR - CustomException : Error in /home/lundo/MLOPS-PROJECT-2/src/data_ingestion.py , line 39 : Failed to download data
2025-04-15 20:03:20,167 - INFO - Data Ingestion DONE...
2025-04-15 20:04:22,252 - INFO - Succesfully read the YAML file
2025-04-15 20:04:22,253 - INFO - Data Ingestion Started....
2025-04-15 20:04:22,253 - INFO - Starting Data Ingestion Process....
2025-04-15 20:04:24,607 - INFO - Downloading Smaller Files ie anime and anime_with synopsis
2025-04-15 20:04:26,525 - INFO - Downloading Smaller Files ie anime and anime_with synopsis
2025-04-15 20:10:59,092 - INFO - Large file detected Only downloading 5M rows
2025-04-15 20:10:59,196 - INFO - Data Ingestion Completed...
2025-04-15 20:10:59,197 - INFO - Data Ingestion DONE...
